 File has been used for this event: Untitled spreadsheet - Sheet1.csv
 Type of the imported file: csv
 Revision of the which is used: 1
 Mode of event: Insert
 Total no of records: 46
 Rows handled on each iterations (Based on your server configuration): 1
 File used to import data into: opinion (opinion)
[2018-04-15 17:18:08] Message: Inserted opinion ID: 1576,  Status: publish  Click here to verify - Web View | Admin View 
[2018-04-15 17:18:09] Message: Inserted opinion ID: 1577,  Status: publish  Click here to verify - Web View | Admin View 
[2018-04-15 17:18:09] Message: Inserted opinion ID: 1578,  Status: publish  Click here to verify - Web View | Admin View 
[2018-04-15 17:18:09] Message: Inserted opinion ID: 1579,  Status: publish  Click here to verify - Web View | Admin View 
[2018-04-15 17:18:10] Message: Inserted opinion ID: 1580,  Status: publish  Click here to verify - Web View | Admin View 
[2018-04-15 17:18:10] Message: Inserted opinion ID: 1581,  Status: publish  Click here to verify - Web View | Admin View 
[2018-04-15 17:18:11] Message: Inserted opinion ID: 1582,  Status: publish  Click here to verify - Web View | Admin View 
[2018-04-15 17:18:11] Message: Inserted opinion ID: 1583,  Status: publish  Click here to verify - Web View | Admin View 
[2018-04-15 17:18:12] Message: Inserted opinion ID: 1584,  Status: publish  Click here to verify - Web View | Admin View 
[2018-04-15 17:18:12] Message: Inserted opinion ID: 1585,  Status: publish  Click here to verify - Web View | Admin View 
[2018-04-15 17:18:12] Message: Inserted opinion ID: 1586,  Status: publish  Click here to verify - Web View | Admin View 
[2018-04-15 17:18:13] Message: Inserted opinion ID: 1587,  Status: publish  Click here to verify - Web View | Admin View 
[2018-04-15 17:18:13] Message: Inserted opinion ID: 1588,  Status: publish  Click here to verify - Web View | Admin View 
[2018-04-15 17:18:13] Message: Inserted opinion ID: 1589,  Status: publish  Click here to verify - Web View | Admin View 
[2018-04-15 17:18:14] Message: Inserted opinion ID: 1590,  Status: publish  Click here to verify - Web View | Admin View 
[2018-04-15 17:18:14] Message: Inserted opinion ID: 1591,  Status: publish  Click here to verify - Web View | Admin View 
[2018-04-15 17:18:14] Message: Inserted opinion ID: 1592,  Status: publish  Click here to verify - Web View | Admin View 
[2018-04-15 17:18:15] Message: Inserted opinion ID: 1593,  Status: publish  Click here to verify - Web View | Admin View 
[2018-04-15 17:18:15] Message: Inserted opinion ID: 1594,  Status: publish  Click here to verify - Web View | Admin View 
[2018-04-15 17:18:16] Message: Inserted opinion ID: 1595,  Status: publish  Click here to verify - Web View | Admin View 
[2018-04-15 17:18:16] Message: Inserted opinion ID: 1596,  Status: publish  Click here to verify - Web View | Admin View 
[2018-04-15 17:18:17] Message: Inserted opinion ID: 1597,  Status: publish  Click here to verify - Web View | Admin View 
[2018-04-15 17:18:17] Message: Inserted opinion ID: 1598,  Status: publish  Click here to verify - Web View | Admin View 
[2018-04-15 17:18:17] Message: Inserted opinion ID: 1599,  Status: publish  Click here to verify - Web View | Admin View 
[2018-04-15 17:18:18] Message: Inserted opinion ID: 1600,  Status: publish  Click here to verify - Web View | Admin View 
[2018-04-15 17:18:18] Message: Inserted opinion ID: 1601,  Status: publish  Click here to verify - Web View | Admin View 
[2018-04-15 17:18:18] Message: Inserted opinion ID: 1602,  Status: publish  Click here to verify - Web View | Admin View 
[2018-04-15 17:18:20] Message: Inserted opinion ID: 1603,  Status: publish  Click here to verify - Web View | Admin View 
[2018-04-15 17:18:21] Message: Inserted opinion ID: 1604,  Status: publish  Click here to verify - Web View | Admin View 
[2018-04-15 17:18:21] Message: Inserted opinion ID: 1605,  Status: publish  Click here to verify - Web View | Admin View 
[2018-04-15 17:18:23] Message: Inserted opinion ID: 1606,  Status: publish  Click here to verify - Web View | Admin View 
[2018-04-15 17:18:24] Message: Inserted opinion ID: 1607,  Status: publish  Click here to verify - Web View | Admin View 
[2018-04-15 17:18:25] Message: Inserted opinion ID: 1608,  Status: publish  Click here to verify - Web View | Admin View 
[2018-04-15 17:18:26] Message: Inserted opinion ID: 1609,  Status: publish  Click here to verify - Web View | Admin View 
[2018-04-15 17:18:27] Message: Inserted opinion ID: 1610,  Status: publish  Click here to verify - Web View | Admin View 
[2018-04-15 17:18:28] Message: Inserted opinion ID: 1611,  Status: publish  Click here to verify - Web View | Admin View 
[2018-04-15 17:18:29] Message: Inserted opinion ID: 1612,  Status: publish  Click here to verify - Web View | Admin View 
[2018-04-15 17:18:30] Message: Inserted opinion ID: 1613,  Status: publish  Click here to verify - Web View | Admin View 
[2018-04-15 17:18:31] Message: Inserted opinion ID: 1614,  Status: publish  Click here to verify - Web View | Admin View 
[2018-04-15 17:18:32] Message: Inserted opinion ID: 1615,  Status: publish  Click here to verify - Web View | Admin View 
[2018-04-15 17:18:33] Message: Inserted opinion ID: 1616,  Status: publish  Click here to verify - Web View | Admin View 
[2018-04-15 17:18:34] Message: Inserted opinion ID: 1617,  Status: publish  Click here to verify - Web View | Admin View 
[2018-04-15 17:18:35] Message: Inserted opinion ID: 1618,  Status: publish  Click here to verify - Web View | Admin View 
[2018-04-15 17:18:36] Message: Inserted opinion ID: 1619,  Status: publish  Click here to verify - Web View | Admin View 
[2018-04-15 17:18:37] Message: Inserted opinion ID: 1620,  Status: publish  Click here to verify - Web View | Admin View 
[2018-04-15 17:18:38] Message: Inserted opinion ID: 1621,  Status: publish  Click here to verify - Web View | Admin View 
