 File has been used for this event: DC Circuit Judges - Sheet1 (1).csv
 Type of the imported file: csv
 Revision of the which is used: 1
 Mode of event: Insert
 Total no of records: 17
 Rows handled on each iterations (Based on your server configuration): 1
 File used to import data into: judge (judge)
[2018-04-21 17:10:18] Message: Inserted judge ID: 1650,  Status: publish  Click here to verify - Web View | Admin View 
[2018-04-21 17:10:18] Message: Inserted judge ID: 1651,  Status: publish  Click here to verify - Web View | Admin View 
[2018-04-21 17:10:18] Message: Skipped judge ID: 1574, Due to the duplicate found! 
[2018-04-21 17:10:19] Message: Inserted judge ID: 1652,  Status: publish  Click here to verify - Web View | Admin View 
[2018-04-21 17:10:19] Message: Inserted judge ID: 1653,  Status: publish  Click here to verify - Web View | Admin View 
[2018-04-21 17:10:19] Message: Inserted judge ID: 1654,  Status: publish  Click here to verify - Web View | Admin View 
[2018-04-21 17:10:20] Message: Inserted judge ID: 1655,  Status: publish  Click here to verify - Web View | Admin View 
[2018-04-21 17:10:20] Message: Inserted judge ID: 1656,  Status: publish  Click here to verify - Web View | Admin View 
[2018-04-21 17:10:21] Message: Inserted judge ID: 1657,  Status: publish  Click here to verify - Web View | Admin View 
[2018-04-21 17:10:21] Message: Inserted judge ID: 1658,  Status: publish  Click here to verify - Web View | Admin View 
[2018-04-21 17:10:22] Message: Inserted judge ID: 1659,  Status: publish  Click here to verify - Web View | Admin View 
[2018-04-21 17:10:22] Message: Inserted judge ID: 1660,  Status: publish  Click here to verify - Web View | Admin View 
[2018-04-21 17:10:22] Message: Inserted judge ID: 1661,  Status: publish  Click here to verify - Web View | Admin View 
[2018-04-21 17:10:23] Message: Inserted judge ID: 1662,  Status: publish  Click here to verify - Web View | Admin View 
[2018-04-21 17:10:23] Message: Inserted judge ID: 1663,  Status: publish  Click here to verify - Web View | Admin View 
[2018-04-21 17:10:23] Message: Inserted judge ID: 1664,  Status: publish  Click here to verify - Web View | Admin View 
[2018-04-21 17:10:24] Message: Inserted judge ID: 1665,  Status: publish  Click here to verify - Web View | Admin View 
