 File has been used for this event: DC Circuit active cases through March 27.xlsx - Sheet1 (1).csv
 Type of the imported file: csv
 Revision of the which is used: DC Circuit active cases through March 27
 Mode of event: Insert
 Total no of records: 1292
 Rows handled on each iterations (Based on your server configuration): 1
 File used to import data into: case (case)
[2018-04-11 00:48:05] Message: Skipped case ID: 195, Due to the duplicate found! 
[2018-04-11 00:48:05] Message: Skipped case ID: 196, Due to the duplicate found! 
[2018-04-11 00:48:06] Message: Skipped case ID: 279, Due to the duplicate found! 
[2018-04-11 00:48:06] Message: Skipped case ID: 546, Due to the duplicate found! 
[2018-04-11 00:48:07] Message: Skipped case ID: 199, Due to the duplicate found! 
[2018-04-11 00:48:07] Message: Skipped case ID: 200, Due to the duplicate found! 
[2018-04-11 00:48:07] Message: Skipped case ID: 201, Due to the duplicate found! 
[2018-04-11 00:48:08] Message: Skipped case ID: 202, Due to the duplicate found! 
[2018-04-11 00:48:08] Message: Skipped case ID: 203, Due to the duplicate found! 
[2018-04-11 00:48:08] Message: Can't insert this case 
[2018-04-11 00:48:09] Message: Skipped case ID: 205, Due to the duplicate found! 
[2018-04-11 00:48:09] Message: Skipped case ID: 206, Due to the duplicate found! 
[2018-04-11 00:48:09] Message: Skipped case ID: 207, Due to the duplicate found! 
[2018-04-11 00:48:10] Message: Skipped case ID: 208, Due to the duplicate found! 
[2018-04-11 00:48:10] Message: Skipped case ID: 209, Due to the duplicate found! 
[2018-04-11 00:48:10] Message: Skipped case ID: 210, Due to the duplicate found! 
[2018-04-11 00:48:11] Message: Skipped case ID: 211, Due to the duplicate found! 
[2018-04-11 00:48:11] Message: Skipped case ID: 212, Due to the duplicate found! 
[2018-04-11 00:48:12] Message: Skipped case ID: 213, Due to the duplicate found! 
[2018-04-11 00:48:12] Message: Skipped case ID: 1273, Due to the duplicate found! 
[2018-04-11 00:48:12] Message: Skipped case ID: 215, Due to the duplicate found! 
[2018-04-11 00:48:13] Message: Skipped case ID: 216, Due to the duplicate found! 
[2018-04-11 00:48:13] Message: Skipped case ID: 217, Due to the duplicate found! 
[2018-04-11 00:48:13] Message: Skipped case ID: 218, Due to the duplicate found! 
[2018-04-11 00:48:14] Message: Skipped case ID: 219, Due to the duplicate found! 
[2018-04-11 00:48:14] Message: Skipped case ID: 220, Due to the duplicate found! 
[2018-04-11 00:48:14] Message: Skipped case ID: 221, Due to the duplicate found! 
[2018-04-11 00:48:15] Message: Skipped case ID: 222, Due to the duplicate found! 
[2018-04-11 00:48:15] Message: Skipped case ID: 223, Due to the duplicate found! 
[2018-04-11 00:48:15] Message: Skipped case ID: 224, Due to the duplicate found! 
[2018-04-11 00:48:16] Message: Skipped case ID: 841, Due to the duplicate found! 
[2018-04-11 00:48:16] Message: Skipped case ID: 226, Due to the duplicate found! 
[2018-04-11 00:48:17] Message: Skipped case ID: 227, Due to the duplicate found! 
[2018-04-11 00:48:17] Message: Skipped case ID: 228, Due to the duplicate found! 
[2018-04-11 00:48:17] Message: Skipped case ID: 229, Due to the duplicate found! 
[2018-04-11 00:48:18] Message: Skipped case ID: 230, Due to the duplicate found! 
[2018-04-11 00:48:18] Message: Skipped case ID: 672, Due to the duplicate found! 
[2018-04-11 00:48:19] Message: Skipped case ID: 232, Due to the duplicate found! 
[2018-04-11 00:48:19] Message: Skipped case ID: 233, Due to the duplicate found! 
[2018-04-11 00:48:19] Message: Skipped case ID: 234, Due to the duplicate found! 
[2018-04-11 00:48:20] Message: Skipped case ID: 235, Due to the duplicate found! 
[2018-04-11 00:48:20] Message: Skipped case ID: 236, Due to the duplicate found! 
[2018-04-11 00:48:20] Message: Skipped case ID: 237, Due to the duplicate found! 
[2018-04-11 00:48:21] Message: Skipped case ID: 238, Due to the duplicate found! 
[2018-04-11 00:48:21] Message: Skipped case ID: 239, Due to the duplicate found! 
[2018-04-11 00:48:22] Message: Skipped case ID: 240, Due to the duplicate found! 
[2018-04-11 00:48:22] Message: Skipped case ID: 241, Due to the duplicate found! 
[2018-04-11 00:48:23] Message: Skipped case ID: 242, Due to the duplicate found! 
[2018-04-11 00:48:23] Message: Skipped case ID: 243, Due to the duplicate found! 
[2018-04-11 00:48:23] Message: Skipped case ID: 244, Due to the duplicate found! 
[2018-04-11 00:48:24] Message: Skipped case ID: 245, Due to the duplicate found! 
[2018-04-11 00:48:24] Message: Skipped case ID: 246, Due to the duplicate found! 
[2018-04-11 00:48:24] Message: Skipped case ID: 247, Due to the duplicate found! 
[2018-04-11 00:48:25] Message: Skipped case ID: 248, Due to the duplicate found! 
[2018-04-11 00:48:25] Message: Skipped case ID: 249, Due to the duplicate found! 
[2018-04-11 00:48:25] Message: Skipped case ID: 250, Due to the duplicate found! 
[2018-04-11 00:48:26] Message: Skipped case ID: 251, Due to the duplicate found! 
[2018-04-11 00:48:26] Message: Skipped case ID: 252, Due to the duplicate found! 
[2018-04-11 00:48:27] Message: Skipped case ID: 253, Due to the duplicate found! 
[2018-04-11 00:48:27] Message: Skipped case ID: 254, Due to the duplicate found! 
[2018-04-11 00:48:27] Message: Skipped case ID: 255, Due to the duplicate found! 
[2018-04-11 00:48:28] Message: Skipped case ID: 256, Due to the duplicate found! 
[2018-04-11 00:48:28] Message: Skipped case ID: 257, Due to the duplicate found! 
[2018-04-11 00:48:29] Message: Skipped case ID: 1011, Due to the duplicate found! 
[2018-04-11 00:48:29] Message: Skipped case ID: 259, Due to the duplicate found! 
[2018-04-11 00:48:29] Message: Skipped case ID: 260, Due to the duplicate found! 
[2018-04-11 00:48:30] Message: Skipped case ID: 261, Due to the duplicate found! 
[2018-04-11 00:48:30] Message: Skipped case ID: 262, Due to the duplicate found! 
[2018-04-11 00:48:30] Message: Skipped case ID: 263, Due to the duplicate found! 
[2018-04-11 00:48:31] Message: Skipped case ID: 264, Due to the duplicate found! 
[2018-04-11 00:48:31] Message: Skipped case ID: 265, Due to the duplicate found! 
[2018-04-11 00:48:32] Message: Skipped case ID: 266, Due to the duplicate found! 
[2018-04-11 00:48:32] Message: Skipped case ID: 267, Due to the duplicate found! 
[2018-04-11 00:48:32] Message: Skipped case ID: 268, Due to the duplicate found! 
[2018-04-11 00:48:33] Message: Skipped case ID: 269, Due to the duplicate found! 
[2018-04-11 00:48:33] Message: Skipped case ID: 270, Due to the duplicate found! 
[2018-04-11 00:48:33] Message: Skipped case ID: 271, Due to the duplicate found! 
[2018-04-11 00:48:34] Message: Skipped case ID: 272, Due to the duplicate found! 
[2018-04-11 00:48:34] Message: Skipped case ID: 273, Due to the duplicate found! 
[2018-04-11 00:48:34] Message: Skipped case ID: 274, Due to the duplicate found! 
[2018-04-11 00:48:35] Message: Skipped case ID: 275, Due to the duplicate found! 
[2018-04-11 00:48:35] Message: Skipped case ID: 276, Due to the duplicate found! 
[2018-04-11 00:48:35] Message: Skipped case ID: 277, Due to the duplicate found! 
[2018-04-11 00:48:36] Message: Skipped case ID: 546, Due to the duplicate found! 
[2018-04-11 00:48:36] Message: Skipped case ID: 279, Due to the duplicate found! 
[2018-04-11 00:48:37] Message: Skipped case ID: 280, Due to the duplicate found! 
[2018-04-11 00:48:37] Message: Skipped case ID: 281, Due to the duplicate found! 
[2018-04-11 00:48:37] Message: Skipped case ID: 282, Due to the duplicate found! 
[2018-04-11 00:48:38] Message: Skipped case ID: 283, Due to the duplicate found! 
[2018-04-11 00:48:38] Message: Skipped case ID: 284, Due to the duplicate found! 
[2018-04-11 00:48:38] Message: Skipped case ID: 285, Due to the duplicate found! 
[2018-04-11 00:48:39] Message: Skipped case ID: 286, Due to the duplicate found! 
[2018-04-11 00:48:39] Message: Skipped case ID: 287, Due to the duplicate found! 
[2018-04-11 00:48:40] Message: Skipped case ID: 288, Due to the duplicate found! 
[2018-04-11 00:48:40] Message: Skipped case ID: 289, Due to the duplicate found! 
[2018-04-11 00:48:40] Message: Skipped case ID: 290, Due to the duplicate found! 
[2018-04-11 00:48:41] Message: Skipped case ID: 291, Due to the duplicate found! 
[2018-04-11 00:48:41] Message: Skipped case ID: 292, Due to the duplicate found! 
[2018-04-11 00:48:42] Message: Skipped case ID: 689, Due to the duplicate found! 
[2018-04-11 00:48:42] Message: Skipped case ID: 294, Due to the duplicate found! 
[2018-04-11 00:48:42] Message: Skipped case ID: 1436, Due to the duplicate found! 
[2018-04-11 00:48:43] Message: Skipped case ID: 817, Due to the duplicate found! 
[2018-04-11 00:48:43] Message: Skipped case ID: 297, Due to the duplicate found! 
