 File has been used for this event: DC Circuit active cases through March 27.xlsx - Sheet1 (1).csv
 Type of the imported file: csv
 Revision of the which is used: DC Circuit active cases through March 27
 Mode of event: Insert
 Total no of records: 1292
 Rows handled on each iterations (Based on your server configuration): 1
 File used to import data into: case (case)
[2018-03-29 04:06:39] Message: Inserted case ID: 154,  Status: publish  Click here to verify - Web View | Admin View 
[2018-03-29 04:06:39] Message: Inserted case ID: 155,  Status: publish  Click here to verify - Web View | Admin View 
[2018-03-29 04:06:39] Message: Inserted case ID: 156,  Status: publish  Click here to verify - Web View | Admin View 
[2018-03-29 04:06:39] Message: Inserted case ID: 157,  Status: publish  Click here to verify - Web View | Admin View 
[2018-03-29 04:06:40] Message: Inserted case ID: 158,  Status: publish  Click here to verify - Web View | Admin View 
[2018-03-29 04:06:40] Message: Inserted case ID: 159,  Status: publish  Click here to verify - Web View | Admin View 
[2018-03-29 04:06:40] Message: Inserted case ID: 160,  Status: publish  Click here to verify - Web View | Admin View 
[2018-03-29 04:06:40] Message: Inserted case ID: 161,  Status: publish  Click here to verify - Web View | Admin View 
[2018-03-29 04:06:41] Message: Inserted case ID: 162,  Status: publish  Click here to verify - Web View | Admin View 
[2018-03-29 04:06:41] Message: Inserted case ID: 163,  Status: publish  Click here to verify - Web View | Admin View 
[2018-03-29 04:06:41] Message: Inserted case ID: 164,  Status: publish  Click here to verify - Web View | Admin View 
[2018-03-29 04:06:42] Message: Inserted case ID: 165,  Status: publish  Click here to verify - Web View | Admin View 
[2018-03-29 04:06:42] Message: Inserted case ID: 166,  Status: publish  Click here to verify - Web View | Admin View 
[2018-03-29 04:06:42] Message: Inserted case ID: 167,  Status: publish  Click here to verify - Web View | Admin View 
[2018-03-29 04:06:43] Message: Inserted case ID: 168,  Status: publish  Click here to verify - Web View | Admin View 
[2018-03-29 04:06:43] Message: Inserted case ID: 169,  Status: publish  Click here to verify - Web View | Admin View 
[2018-03-29 04:06:43] Message: Inserted case ID: 170,  Status: publish  Click here to verify - Web View | Admin View 
[2018-03-29 04:06:43] Message: Inserted case ID: 171,  Status: publish  Click here to verify - Web View | Admin View 
[2018-03-29 04:06:44] Message: Inserted case ID: 172,  Status: publish  Click here to verify - Web View | Admin View 
[2018-03-29 04:06:44] Message: Inserted case ID: 173,  Status: publish  Click here to verify - Web View | Admin View 
[2018-03-29 04:06:44] Message: Inserted case ID: 174,  Status: publish  Click here to verify - Web View | Admin View 
[2018-03-29 04:06:44] Message: Inserted case ID: 175,  Status: publish  Click here to verify - Web View | Admin View 
[2018-03-29 04:06:45] Message: Inserted case ID: 176,  Status: publish  Click here to verify - Web View | Admin View 
[2018-03-29 04:06:45] Message: Inserted case ID: 177,  Status: publish  Click here to verify - Web View | Admin View 
[2018-03-29 04:06:45] Message: Inserted case ID: 178,  Status: publish  Click here to verify - Web View | Admin View 
[2018-03-29 04:06:45] Message: Inserted case ID: 179,  Status: publish  Click here to verify - Web View | Admin View 
[2018-03-29 04:06:46] Message: Inserted case ID: 180,  Status: publish  Click here to verify - Web View | Admin View 
[2018-03-29 04:06:46] Message: Inserted case ID: 181,  Status: publish  Click here to verify - Web View | Admin View 
[2018-03-29 04:06:46] Message: Inserted case ID: 182,  Status: publish  Click here to verify - Web View | Admin View 
[2018-03-29 04:06:47] Message: Inserted case ID: 183,  Status: publish  Click here to verify - Web View | Admin View 
[2018-03-29 04:06:47] Message: Inserted case ID: 184,  Status: publish  Click here to verify - Web View | Admin View 
[2018-03-29 04:06:47] Message: Inserted case ID: 185,  Status: publish  Click here to verify - Web View | Admin View 
[2018-03-29 04:06:47] Message: Inserted case ID: 186,  Status: publish  Click here to verify - Web View | Admin View 
[2018-03-29 04:06:48] Message: Inserted case ID: 187,  Status: publish  Click here to verify - Web View | Admin View 
[2018-03-29 04:06:48] Message: Inserted case ID: 188,  Status: publish  Click here to verify - Web View | Admin View 
[2018-03-29 04:06:48] Message: Inserted case ID: 189,  Status: publish  Click here to verify - Web View | Admin View 
[2018-03-29 04:06:49] Message: Inserted case ID: 190,  Status: publish  Click here to verify - Web View | Admin View 
[2018-03-29 04:06:49] Message: Inserted case ID: 191,  Status: publish  Click here to verify - Web View | Admin View 
[2018-03-29 04:06:49] Message: Inserted case ID: 192,  Status: publish  Click here to verify - Web View | Admin View 
[2018-03-29 04:06:49] Message: Inserted case ID: 193,  Status: publish  Click here to verify - Web View | Admin View 
