 File has been used for this event: DC Circuit active cases through March 27.xlsx - Sheet1.csv
 Type of the imported file: csv
 Revision of the which is used: DC Circuit active cases through March 27
 Mode of event: Insert
 Total no of records: 1291
 Rows handled on each iterations (Based on your server configuration): 1
 File used to import data into: case (case)
[2018-03-29 03:13:55] Message: Inserted case ID: 36,  Status: publish  Click here to verify - Web View | Admin View 
[2018-03-29 03:13:55] Message: Inserted case ID: 37,  Status: publish  Click here to verify - Web View | Admin View 
[2018-03-29 03:13:56] Message: Inserted case ID: 38,  Status: publish  Click here to verify - Web View | Admin View 
[2018-03-29 03:13:56] Message: Inserted case ID: 39,  Status: publish  Click here to verify - Web View | Admin View 
[2018-03-29 03:13:56] Message: Inserted case ID: 40,  Status: publish  Click here to verify - Web View | Admin View 
[2018-03-29 03:13:57] Message: Inserted case ID: 41,  Status: publish  Click here to verify - Web View | Admin View 
[2018-03-29 03:13:57] Message: Inserted case ID: 42,  Status: publish  Click here to verify - Web View | Admin View 
[2018-03-29 03:13:57] Message: Inserted case ID: 43,  Status: publish  Click here to verify - Web View | Admin View 
[2018-03-29 03:13:58] Message: Inserted case ID: 44,  Status: publish  Click here to verify - Web View | Admin View 
[2018-03-29 03:13:58] Message: Inserted case ID: 45,  Status: publish  Click here to verify - Web View | Admin View 
[2018-03-29 03:13:58] Message: Inserted case ID: 46,  Status: publish  Click here to verify - Web View | Admin View 
[2018-03-29 03:13:58] Message: Inserted case ID: 47,  Status: publish  Click here to verify - Web View | Admin View 
[2018-03-29 03:13:59] Message: Inserted case ID: 48,  Status: publish  Click here to verify - Web View | Admin View 
[2018-03-29 03:13:59] Message: Inserted case ID: 49,  Status: publish  Click here to verify - Web View | Admin View 
[2018-03-29 03:13:59] Message: Inserted case ID: 50,  Status: publish  Click here to verify - Web View | Admin View 
[2018-03-29 03:13:59] Message: Inserted case ID: 51,  Status: publish  Click here to verify - Web View | Admin View 
[2018-03-29 03:14:00] Message: Inserted case ID: 52,  Status: publish  Click here to verify - Web View | Admin View 
[2018-03-29 03:14:00] Message: Inserted case ID: 53,  Status: publish  Click here to verify - Web View | Admin View 
[2018-03-29 03:14:00] Message: Inserted case ID: 54,  Status: publish  Click here to verify - Web View | Admin View 
[2018-03-29 03:14:00] Message: Inserted case ID: 55,  Status: publish  Click here to verify - Web View | Admin View 
[2018-03-29 03:14:01] Message: Inserted case ID: 56,  Status: publish  Click here to verify - Web View | Admin View 
[2018-03-29 03:14:01] Message: Inserted case ID: 57,  Status: publish  Click here to verify - Web View | Admin View 
[2018-03-29 03:14:01] Message: Inserted case ID: 58,  Status: publish  Click here to verify - Web View | Admin View 
[2018-03-29 03:14:02] Message: Inserted case ID: 59,  Status: publish  Click here to verify - Web View | Admin View 
[2018-03-29 03:14:02] Message: Inserted case ID: 60,  Status: publish  Click here to verify - Web View | Admin View 
[2018-03-29 03:14:02] Message: Inserted case ID: 61,  Status: publish  Click here to verify - Web View | Admin View 
[2018-03-29 03:14:03] Message: Inserted case ID: 62,  Status: publish  Click here to verify - Web View | Admin View 
[2018-03-29 03:14:03] Message: Inserted case ID: 63,  Status: publish  Click here to verify - Web View | Admin View 
[2018-03-29 03:14:03] Message: Inserted case ID: 64,  Status: publish  Click here to verify - Web View | Admin View 
[2018-03-29 03:14:03] Message: Inserted case ID: 65,  Status: publish  Click here to verify - Web View | Admin View 
[2018-03-29 03:14:04] Message: Inserted case ID: 66,  Status: publish  Click here to verify - Web View | Admin View 
[2018-03-29 03:14:04] Message: Inserted case ID: 67,  Status: publish  Click here to verify - Web View | Admin View 
[2018-03-29 03:14:04] Message: Inserted case ID: 68,  Status: publish  Click here to verify - Web View | Admin View 
[2018-03-29 03:14:04] Message: Inserted case ID: 69,  Status: publish  Click here to verify - Web View | Admin View 
[2018-03-29 03:14:05] Message: Inserted case ID: 70,  Status: publish  Click here to verify - Web View | Admin View 
[2018-03-29 03:14:05] Message: Inserted case ID: 71,  Status: publish  Click here to verify - Web View | Admin View 
[2018-03-29 03:14:05] Message: Inserted case ID: 72,  Status: publish  Click here to verify - Web View | Admin View 
[2018-03-29 03:14:05] Message: Inserted case ID: 73,  Status: publish  Click here to verify - Web View | Admin View 
[2018-03-29 03:14:06] Message: Inserted case ID: 74,  Status: publish  Click here to verify - Web View | Admin View 
[2018-03-29 03:14:06] Message: Inserted case ID: 75,  Status: publish  Click here to verify - Web View | Admin View 
[2018-03-29 03:14:06] Message: Inserted case ID: 76,  Status: publish  Click here to verify - Web View | Admin View 
[2018-03-29 03:14:07] Message: Inserted case ID: 77,  Status: publish  Click here to verify - Web View | Admin View 
[2018-03-29 03:14:07] Message: Inserted case ID: 78,  Status: publish  Click here to verify - Web View | Admin View 
[2018-03-29 03:14:07] Message: Inserted case ID: 79,  Status: publish  Click here to verify - Web View | Admin View 
[2018-03-29 03:14:08] Message: Inserted case ID: 80,  Status: publish  Click here to verify - Web View | Admin View 
[2018-03-29 03:14:08] Message: Inserted case ID: 81,  Status: publish  Click here to verify - Web View | Admin View 
[2018-03-29 03:14:08] Message: Inserted case ID: 82,  Status: publish  Click here to verify - Web View | Admin View 
[2018-03-29 03:14:08] Message: Inserted case ID: 83,  Status: publish  Click here to verify - Web View | Admin View 
[2018-03-29 03:14:09] Message: Inserted case ID: 84,  Status: publish  Click here to verify - Web View | Admin View 
[2018-03-29 03:14:09] Message: Inserted case ID: 85,  Status: publish  Click here to verify - Web View | Admin View 
[2018-03-29 03:14:09] Message: Inserted case ID: 86,  Status: publish  Click here to verify - Web View | Admin View 
[2018-03-29 03:14:09] Message: Inserted case ID: 87,  Status: publish  Click here to verify - Web View | Admin View 
[2018-03-29 03:14:10] Message: Inserted case ID: 88,  Status: publish  Click here to verify - Web View | Admin View 
[2018-03-29 03:14:10] Message: Inserted case ID: 89,  Status: publish  Click here to verify - Web View | Admin View 
[2018-03-29 03:14:10] Message: Inserted case ID: 90,  Status: publish  Click here to verify - Web View | Admin View 
[2018-03-29 03:14:10] Message: Inserted case ID: 91,  Status: publish  Click here to verify - Web View | Admin View 
[2018-03-29 03:14:11] Message: Inserted case ID: 92,  Status: publish  Click here to verify - Web View | Admin View 
[2018-03-29 03:14:11] Message: Inserted case ID: 93,  Status: publish  Click here to verify - Web View | Admin View 
[2018-03-29 03:14:11] Message: Inserted case ID: 94,  Status: publish  Click here to verify - Web View | Admin View 
[2018-03-29 03:14:12] Message: Inserted case ID: 95,  Status: publish  Click here to verify - Web View | Admin View 
[2018-03-29 03:14:12] Message: Inserted case ID: 96,  Status: publish  Click here to verify - Web View | Admin View 
[2018-03-29 03:14:12] Message: Inserted case ID: 97,  Status: publish  Click here to verify - Web View | Admin View 
[2018-03-29 03:14:13] Message: Inserted case ID: 98,  Status: publish  Click here to verify - Web View | Admin View 
[2018-03-29 03:14:13] Message: Inserted case ID: 99,  Status: publish  Click here to verify - Web View | Admin View 
[2018-03-29 03:14:13] Message: Inserted case ID: 100,  Status: publish  Click here to verify - Web View | Admin View 
[2018-03-29 03:14:13] Message: Inserted case ID: 101,  Status: publish  Click here to verify - Web View | Admin View 
[2018-03-29 03:14:14] Message: Inserted case ID: 102,  Status: publish  Click here to verify - Web View | Admin View 
[2018-03-29 03:14:14] Message: Inserted case ID: 103,  Status: publish  Click here to verify - Web View | Admin View 
[2018-03-29 03:14:14] Message: Inserted case ID: 104,  Status: publish  Click here to verify - Web View | Admin View 
[2018-03-29 03:14:14] Message: Inserted case ID: 105,  Status: publish  Click here to verify - Web View | Admin View 
[2018-03-29 03:14:15] Message: Inserted case ID: 106,  Status: publish  Click here to verify - Web View | Admin View 
[2018-03-29 03:14:15] Message: Inserted case ID: 107,  Status: publish  Click here to verify - Web View | Admin View 
[2018-03-29 03:14:15] Message: Inserted case ID: 108,  Status: publish  Click here to verify - Web View | Admin View 
[2018-03-29 03:14:15] Message: Inserted case ID: 109,  Status: publish  Click here to verify - Web View | Admin View 
[2018-03-29 03:14:16] Message: Inserted case ID: 110,  Status: publish  Click here to verify - Web View | Admin View 
[2018-03-29 03:14:16] Message: Inserted case ID: 111,  Status: publish  Click here to verify - Web View | Admin View 
[2018-03-29 03:14:16] Message: Inserted case ID: 112,  Status: publish  Click here to verify - Web View | Admin View 
[2018-03-29 03:14:17] Message: Inserted case ID: 113,  Status: publish  Click here to verify - Web View | Admin View 
[2018-03-29 03:14:17] Message: Inserted case ID: 114,  Status: publish  Click here to verify - Web View | Admin View 
[2018-03-29 03:14:17] Message: Inserted case ID: 115,  Status: publish  Click here to verify - Web View | Admin View 
[2018-03-29 03:14:17] Message: Inserted case ID: 116,  Status: publish  Click here to verify - Web View | Admin View 
[2018-03-29 03:14:18] Message: Inserted case ID: 117,  Status: publish  Click here to verify - Web View | Admin View 
[2018-03-29 03:14:18] Message: Inserted case ID: 118,  Status: publish  Click here to verify - Web View | Admin View 
[2018-03-29 03:14:18] Message: Inserted case ID: 119,  Status: publish  Click here to verify - Web View | Admin View 
[2018-03-29 03:14:19] Message: Inserted case ID: 120,  Status: publish  Click here to verify - Web View | Admin View 
[2018-03-29 03:14:19] Message: Inserted case ID: 121,  Status: publish  Click here to verify - Web View | Admin View 
[2018-03-29 03:14:19] Message: Inserted case ID: 122,  Status: publish  Click here to verify - Web View | Admin View 
[2018-03-29 03:14:19] Message: Inserted case ID: 123,  Status: publish  Click here to verify - Web View | Admin View 
[2018-03-29 03:14:20] Message: Inserted case ID: 124,  Status: publish  Click here to verify - Web View | Admin View 
[2018-03-29 03:14:20] Message: Inserted case ID: 125,  Status: publish  Click here to verify - Web View | Admin View 
[2018-03-29 03:14:20] Message: Inserted case ID: 126,  Status: publish  Click here to verify - Web View | Admin View 
[2018-03-29 03:14:21] Message: Inserted case ID: 127,  Status: publish  Click here to verify - Web View | Admin View 
[2018-03-29 03:14:21] Message: Inserted case ID: 128,  Status: publish  Click here to verify - Web View | Admin View 
[2018-03-29 03:14:21] Message: Inserted case ID: 129,  Status: publish  Click here to verify - Web View | Admin View 
[2018-03-29 03:14:22] Message: Inserted case ID: 130,  Status: publish  Click here to verify - Web View | Admin View 
[2018-03-29 03:14:22] Message: Inserted case ID: 131,  Status: publish  Click here to verify - Web View | Admin View 
[2018-03-29 03:14:22] Message: Inserted case ID: 132,  Status: publish  Click here to verify - Web View | Admin View 
[2018-03-29 03:14:22] Message: Inserted case ID: 133,  Status: publish  Click here to verify - Web View | Admin View 
[2018-03-29 03:14:23] Message: Inserted case ID: 134,  Status: publish  Click here to verify - Web View | Admin View 
[2018-03-29 03:14:23] Message: Inserted case ID: 135,  Status: publish  Click here to verify - Web View | Admin View 
[2018-03-29 03:14:23] Message: Inserted case ID: 136,  Status: publish  Click here to verify - Web View | Admin View 
[2018-03-29 03:14:24] Message: Inserted case ID: 137,  Status: publish  Click here to verify - Web View | Admin View 
[2018-03-29 03:14:24] Message: Inserted case ID: 138,  Status: publish  Click here to verify - Web View | Admin View 
[2018-03-29 03:14:24] Message: Inserted case ID: 139,  Status: publish  Click here to verify - Web View | Admin View 
[2018-03-29 03:14:24] Message: Inserted case ID: 140,  Status: publish  Click here to verify - Web View | Admin View 
[2018-03-29 03:14:25] Message: Inserted case ID: 141,  Status: publish  Click here to verify - Web View | Admin View 
[2018-03-29 03:14:25] Message: Inserted case ID: 142,  Status: publish  Click here to verify - Web View | Admin View 
[2018-03-29 03:14:25] Message: Inserted case ID: 143,  Status: publish  Click here to verify - Web View | Admin View 
[2018-03-29 03:14:25] Message: Inserted case ID: 144,  Status: publish  Click here to verify - Web View | Admin View 
[2018-03-29 03:14:26] Message: Inserted case ID: 145,  Status: publish  Click here to verify - Web View | Admin View 
[2018-03-29 03:14:26] Message: Inserted case ID: 146,  Status: publish  Click here to verify - Web View | Admin View 
[2018-03-29 03:14:27] Message: Inserted case ID: 147,  Status: publish  Click here to verify - Web View | Admin View 
[2018-03-29 03:14:27] Message: Inserted case ID: 148,  Status: publish  Click here to verify - Web View | Admin View 
[2018-03-29 03:14:27] Message: Inserted case ID: 149,  Status: publish  Click here to verify - Web View | Admin View 
[2018-03-29 03:14:27] Message: Inserted case ID: 150,  Status: publish  Click here to verify - Web View | Admin View 
[2018-03-29 03:14:28] Message: Inserted case ID: 151,  Status: publish  Click here to verify - Web View | Admin View 
[2018-03-29 03:14:28] Message: Inserted case ID: 152,  Status: publish  Click here to verify - Web View | Admin View 
[2018-03-29 03:14:28] Message: Inserted case ID: 153,  Status: publish  Click here to verify - Web View | Admin View 
